{"/home/ginosc/cosmos/docker/cosmos/tools/cosmos-web/backend/src/app.ts": {"path":"/home/ginosc/cosmos/docker/cosmos/tools/cosmos-web/backend/src/app.ts","statementMap":{"0":{"start":{"line":1,"column":0},"end":{"line":1,"column":43}},"1":{"start":{"line":2,"column":0},"end":{"line":2,"column":24}},"2":{"start":{"line":3,"column":0},"end":{"line":3,"column":28}},"3":{"start":{"line":4,"column":0},"end":{"line":4,"column":24}},"4":{"start":{"line":6,"column":0},"end":{"line":6,"column":58}},"5":{"start":{"line":7,"column":0},"end":{"line":7,"column":37}},"6":{"start":{"line":14,"column":8},"end":{"line":14,"column":33}},"7":{"start":{"line":16,"column":8},"end":{"line":16,"column":63}},"8":{"start":{"line":18,"column":8},"end":{"line":18,"column":33}},"9":{"start":{"line":10,"column":0},"end":{"line":10,"column":21}}},"fnMap":{"0":{"name":"(anonymous_1)","decl":{"start":{"line":13,"column":4},"end":{"line":13,"column":null}},"loc":{"start":{"line":13,"column":4},"end":{"line":19,"column":5}}}},"branchMap":{},"s":{"0":1,"1":1,"2":1,"3":1,"4":1,"5":1,"6":0,"7":0,"8":0,"9":1},"f":{"0":0},"b":{}}
,"/home/ginosc/cosmos/docker/cosmos/tools/cosmos-web/backend/src/database/BaseDatabase.ts": {"path":"/home/ginosc/cosmos/docker/cosmos/tools/cosmos-web/backend/src/database/BaseDatabase.ts","statementMap":{"0":{"start":{"line":27,"column":8},"end":{"line":27,"column":38}},"1":{"start":{"line":31,"column":8},"end":{"line":31,"column":50}},"2":{"start":{"line":35,"column":8},"end":{"line":35,"column":44}},"3":{"start":{"line":39,"column":8},"end":{"line":39,"column":48}},"4":{"start":{"line":21,"column":0},"end":{"line":21,"column":21}}},"fnMap":{"0":{"name":"(anonymous_7)","decl":{"start":{"line":22,"column":4},"end":{"line":22,"column":null}},"loc":{"start":{"line":22,"column":4},"end":{"line":24,"column":5}}},"1":{"name":"(anonymous_8)","decl":{"start":{"line":26,"column":17},"end":{"line":26,"column":30}},"loc":{"start":{"line":26,"column":30},"end":{"line":28,"column":null}}},"2":{"name":"(anonymous_10)","decl":{"start":{"line":30,"column":17},"end":{"line":30,"column":28}},"loc":{"start":{"line":30,"column":41},"end":{"line":32,"column":null}}},"3":{"name":"(anonymous_12)","decl":{"start":{"line":34,"column":17},"end":{"line":34,"column":27}},"loc":{"start":{"line":34,"column":41},"end":{"line":36,"column":null}}},"4":{"name":"(anonymous_14)","decl":{"start":{"line":38,"column":17},"end":{"line":38,"column":29}},"loc":{"start":{"line":38,"column":47},"end":{"line":40,"column":null}}}},"branchMap":{},"s":{"0":0,"1":0,"2":0,"3":0,"4":1},"f":{"0":1,"1":0,"2":0,"3":0,"4":0},"b":{}}
,"/home/ginosc/cosmos/docker/cosmos/tools/cosmos-web/backend/src/database/DBHandler.ts": {"path":"/home/ginosc/cosmos/docker/cosmos/tools/cosmos-web/backend/src/database/DBHandler.ts","statementMap":{"0":{"start":{"line":8,"column":8},"end":{"line":8,"column":33}},"1":{"start":{"line":12,"column":8},"end":{"line":12,"column":29}},"2":{"start":{"line":4,"column":0},"end":{"line":4,"column":21}}},"fnMap":{"0":{"name":"(anonymous_0)","decl":{"start":{"line":7,"column":11},"end":{"line":7,"column":17}},"loc":{"start":{"line":7,"column":54},"end":{"line":9,"column":5}}},"1":{"name":"(anonymous_1)","decl":{"start":{"line":11,"column":11},"end":{"line":11,"column":17}},"loc":{"start":{"line":11,"column":24},"end":{"line":13,"column":5}}}},"branchMap":{},"s":{"0":0,"1":0,"2":1},"f":{"0":0,"1":0},"b":{}}
,"/home/ginosc/cosmos/docker/cosmos/tools/cosmos-web/backend/src/database/MysqlDatabase.ts": {"path":"/home/ginosc/cosmos/docker/cosmos/tools/cosmos-web/backend/src/database/MysqlDatabase.ts","statementMap":{"0":{"start":{"line":1,"column":0},"end":{"line":1,"column":67}},"1":{"start":{"line":2,"column":0},"end":{"line":2,"column":27}},"2":{"start":{"line":4,"column":0},"end":{"line":4,"column":44}},"3":{"start":{"line":5,"column":0},"end":{"line":5,"column":50}},"4":{"start":{"line":6,"column":0},"end":{"line":6,"column":48}},"5":{"start":{"line":15,"column":8},"end":{"line":15,"column":16}},"6":{"start":{"line":16,"column":8},"end":{"line":22,"column":null}},"7":{"start":{"line":17,"column":12},"end":{"line":21,"column":15}},"8":{"start":{"line":23,"column":8},"end":{"line":28,"column":11}},"9":{"start":{"line":29,"column":8},"end":{"line":29,"column":47}},"10":{"start":{"line":33,"column":8},"end":{"line":33,"column":41}},"11":{"start":{"line":38,"column":21},"end":{"line":38,"column":44}},"12":{"start":{"line":39,"column":21},"end":{"line":39,"column":35}},"13":{"start":{"line":40,"column":27},"end":{"line":40,"column":70}},"14":{"start":{"line":41,"column":8},"end":{"line":47,"column":10}},"15":{"start":{"line":45,"column":16},"end":{"line":45,"column":40}},"16":{"start":{"line":52,"column":8},"end":{"line":56,"column":11}},"17":{"start":{"line":53,"column":12},"end":{"line":55,"column":null}},"18":{"start":{"line":54,"column":16},"end":{"line":54,"column":33}},"19":{"start":{"line":58,"column":8},"end":{"line":68,"column":null}},"20":{"start":{"line":58,"column":19},"end":{"line":58,"column":20}},"21":{"start":{"line":59,"column":12},"end":{"line":67,"column":14}},"22":{"start":{"line":63,"column":20},"end":{"line":65,"column":null}},"23":{"start":{"line":64,"column":24},"end":{"line":64,"column":41}},"24":{"start":{"line":73,"column":8},"end":{"line":81,"column":null}},"25":{"start":{"line":74,"column":12},"end":{"line":74,"column":63}},"26":{"start":{"line":76,"column":12},"end":{"line":76,"column":31}},"27":{"start":{"line":77,"column":12},"end":{"line":80,"column":15}},"28":{"start":{"line":83,"column":8},"end":{"line":97,"column":null}},"29":{"start":{"line":83,"column":19},"end":{"line":83,"column":20}},"30":{"start":{"line":84,"column":12},"end":{"line":95,"column":null}},"31":{"start":{"line":85,"column":16},"end":{"line":88,"column":18}},"32":{"start":{"line":90,"column":16},"end":{"line":90,"column":35}},"33":{"start":{"line":91,"column":16},"end":{"line":94,"column":19}},"34":{"start":{"line":9,"column":0},"end":{"line":9,"column":21}}},"fnMap":{"0":{"name":"(anonymous_8)","decl":{"start":{"line":14,"column":4},"end":{"line":14,"column":16}},"loc":{"start":{"line":14,"column":126},"end":{"line":30,"column":5}}},"1":{"name":"(anonymous_9)","decl":{"start":{"line":32,"column":17},"end":{"line":32,"column":30}},"loc":{"start":{"line":32,"column":30},"end":{"line":34,"column":null}}},"2":{"name":"(anonymous_11)","decl":{"start":{"line":36,"column":17},"end":{"line":36,"column":28}},"loc":{"start":{"line":36,"column":41},"end":{"line":48,"column":null}}},"3":{"name":"(anonymous_13)","decl":{"start":{"line":44,"column":12},"end":{"line":44,"column":13}},"loc":{"start":{"line":44,"column":20},"end":{"line":46,"column":13}}},"4":{"name":"(anonymous_14)","decl":{"start":{"line":50,"column":17},"end":{"line":50,"column":27}},"loc":{"start":{"line":50,"column":41},"end":{"line":69,"column":null}}},"5":{"name":"(anonymous_16)","decl":{"start":{"line":52,"column":44},"end":{"line":52,"column":45}},"loc":{"start":{"line":52,"column":52},"end":{"line":56,"column":9}}},"6":{"name":"(anonymous_17)","decl":{"start":{"line":62,"column":16},"end":{"line":62,"column":17}},"loc":{"start":{"line":62,"column":24},"end":{"line":66,"column":17}}},"7":{"name":"(anonymous_18)","decl":{"start":{"line":71,"column":17},"end":{"line":71,"column":29}},"loc":{"start":{"line":71,"column":47},"end":{"line":98,"column":null}}}},"branchMap":{"0":{"loc":{"start":{"line":16,"column":8},"end":{"line":22,"column":null}},"type":"if","locations":[{"start":{"line":16,"column":8},"end":{"line":22,"column":null}}]},"1":{"loc":{"start":{"line":16,"column":12},"end":{"line":16,"column":104}},"type":"binary-expr","locations":[{"start":{"line":16,"column":12},"end":{"line":16,"column":30}},{"start":{"line":16,"column":34},"end":{"line":16,"column":52}},{"start":{"line":16,"column":56},"end":{"line":16,"column":78}},{"start":{"line":16,"column":82},"end":{"line":16,"column":104}}]},"2":{"loc":{"start":{"line":53,"column":12},"end":{"line":55,"column":null}},"type":"if","locations":[{"start":{"line":53,"column":12},"end":{"line":55,"column":null}}]},"3":{"loc":{"start":{"line":63,"column":20},"end":{"line":65,"column":null}},"type":"if","locations":[{"start":{"line":63,"column":20},"end":{"line":65,"column":null}}]}},"s":{"0":1,"1":1,"2":1,"3":1,"4":1,"5":1,"6":1,"7":1,"8":0,"9":0,"10":0,"11":0,"12":0,"13":0,"14":0,"15":0,"16":0,"17":0,"18":0,"19":0,"20":0,"21":0,"22":0,"23":0,"24":0,"25":0,"26":0,"27":0,"28":0,"29":0,"30":0,"31":0,"32":0,"33":0,"34":1},"f":{"0":1,"1":0,"2":0,"3":0,"4":0,"5":0,"6":0,"7":0},"b":{"0":[1],"1":[1,0,0,0],"2":[0],"3":[0]}}
,"/home/ginosc/cosmos/docker/cosmos/tools/cosmos-web/backend/src/exceptions/AppError.ts": {"path":"/home/ginosc/cosmos/docker/cosmos/tools/cosmos-web/backend/src/exceptions/AppError.ts","statementMap":{"0":{"start":{"line":18,"column":8},"end":{"line":18,"column":32}},"1":{"start":{"line":15,"column":20},"end":{"line":15,"column":50}},"2":{"start":{"line":20,"column":8},"end":{"line":20,"column":58}},"3":{"start":{"line":22,"column":8},"end":{"line":22,"column":41}},"4":{"start":{"line":23,"column":8},"end":{"line":23,"column":38}},"5":{"start":{"line":25,"column":8},"end":{"line":27,"column":null}},"6":{"start":{"line":26,"column":8},"end":{"line":26,"column":48}},"7":{"start":{"line":29,"column":8},"end":{"line":29,"column":38}},"8":{"start":{"line":12,"column":0},"end":{"line":12,"column":13}}},"fnMap":{"0":{"name":"(anonymous_0)","decl":{"start":{"line":17,"column":4},"end":{"line":17,"column":16}},"loc":{"start":{"line":17,"column":34},"end":{"line":30,"column":5}}}},"branchMap":{"0":{"loc":{"start":{"line":22,"column":20},"end":{"line":22,"column":40}},"type":"binary-expr","locations":[{"start":{"line":22,"column":20},"end":{"line":22,"column":29}},{"start":{"line":22,"column":33},"end":{"line":22,"column":40}}]},"1":{"loc":{"start":{"line":25,"column":8},"end":{"line":27,"column":null}},"type":"if","locations":[{"start":{"line":25,"column":8},"end":{"line":27,"column":null}}]}},"s":{"0":1,"1":1,"2":1,"3":1,"4":1,"5":1,"6":1,"7":1,"8":1},"f":{"0":1},"b":{"0":[1,1],"1":[1]}}
,"/home/ginosc/cosmos/docker/cosmos/tools/cosmos-web/backend/src/exceptions/ErrorHandler.ts": {"path":"/home/ginosc/cosmos/docker/cosmos/tools/cosmos-web/backend/src/exceptions/ErrorHandler.ts","statementMap":{"0":{"start":{"line":2,"column":0},"end":{"line":2,"column":38}},"1":{"start":{"line":3,"column":0},"end":{"line":3,"column":48}},"2":{"start":{"line":10,"column":8},"end":{"line":14,"column":null}},"3":{"start":{"line":11,"column":12},"end":{"line":11,"column":65}},"4":{"start":{"line":13,"column":12},"end":{"line":13,"column":54}},"5":{"start":{"line":19,"column":8},"end":{"line":21,"column":null}},"6":{"start":{"line":20,"column":12},"end":{"line":20,"column":39}},"7":{"start":{"line":22,"column":8},"end":{"line":22,"column":21}},"8":{"start":{"line":27,"column":8},"end":{"line":27,"column":73}},"9":{"start":{"line":32,"column":8},"end":{"line":36,"column":null}},"10":{"start":{"line":33,"column":8},"end":{"line":35,"column":56}},"11":{"start":{"line":38,"column":8},"end":{"line":38,"column":73}},"12":{"start":{"line":39,"column":8},"end":{"line":39,"column":24}},"13":{"start":{"line":43,"column":13},"end":{"line":43,"column":47}}},"fnMap":{"0":{"name":"(anonymous_0)","decl":{"start":{"line":8,"column":11},"end":{"line":8,"column":22}},"loc":{"start":{"line":8,"column":67},"end":{"line":15,"column":5}}},"1":{"name":"(anonymous_1)","decl":{"start":{"line":18,"column":12},"end":{"line":18,"column":26}},"loc":{"start":{"line":18,"column":39},"end":{"line":23,"column":5}}},"2":{"name":"(anonymous_2)","decl":{"start":{"line":26,"column":12},"end":{"line":26,"column":30}},"loc":{"start":{"line":26,"column":66},"end":{"line":28,"column":5}}},"3":{"name":"(anonymous_3)","decl":{"start":{"line":31,"column":12},"end":{"line":31,"column":31}},"loc":{"start":{"line":31,"column":76},"end":{"line":40,"column":5}}}},"branchMap":{"0":{"loc":{"start":{"line":10,"column":8},"end":{"line":14,"column":null}},"type":"if","locations":[{"start":{"line":10,"column":8},"end":{"line":14,"column":null}},{"start":{"line":12,"column":15},"end":{"line":14,"column":null}}]},"1":{"loc":{"start":{"line":10,"column":12},"end":{"line":10,"column":50}},"type":"binary-expr","locations":[{"start":{"line":10,"column":12},"end":{"line":10,"column":38}},{"start":{"line":10,"column":42},"end":{"line":10,"column":50}}]},"2":{"loc":{"start":{"line":19,"column":8},"end":{"line":21,"column":null}},"type":"if","locations":[{"start":{"line":19,"column":8},"end":{"line":21,"column":null}}]},"3":{"loc":{"start":{"line":32,"column":8},"end":{"line":36,"column":null}},"type":"if","locations":[{"start":{"line":32,"column":8},"end":{"line":36,"column":null}}]}},"s":{"0":1,"1":1,"2":0,"3":0,"4":0,"5":0,"6":0,"7":0,"8":0,"9":0,"10":0,"11":0,"12":0,"13":1},"f":{"0":0,"1":0,"2":0,"3":0},"b":{"0":[0,0],"1":[0,0],"2":[0],"3":[0]}}
,"/home/ginosc/cosmos/docker/cosmos/tools/cosmos-web/backend/src/routes/db.ts": {"path":"/home/ginosc/cosmos/docker/cosmos/tools/cosmos-web/backend/src/routes/db.ts","statementMap":{"0":{"start":{"line":1,"column":0},"end":{"line":1,"column":53}},"1":{"start":{"line":2,"column":0},"end":{"line":2,"column":50}},"2":{"start":{"line":3,"column":0},"end":{"line":3,"column":48}},"3":{"start":{"line":4,"column":0},"end":{"line":4,"column":46}},"4":{"start":{"line":5,"column":15},"end":{"line":5,"column":31}},"5":{"start":{"line":23,"column":0},"end":{"line":28,"column":3}},"6":{"start":{"line":23,"column":60},"end":{"line":28,"column":2}},"7":{"start":{"line":24,"column":15},"end":{"line":24,"column":33}},"8":{"start":{"line":25,"column":4},"end":{"line":25,"column":35}},"9":{"start":{"line":27,"column":4},"end":{"line":27,"column":47}},"10":{"start":{"line":33,"column":0},"end":{"line":42,"column":3}},"11":{"start":{"line":33,"column":59},"end":{"line":42,"column":2}},"12":{"start":{"line":34,"column":4},"end":{"line":37,"column":null}},"13":{"start":{"line":35,"column":8},"end":{"line":35,"column":32}},"14":{"start":{"line":36,"column":8},"end":{"line":36,"column":15}},"15":{"start":{"line":38,"column":15},"end":{"line":38,"column":33}},"16":{"start":{"line":39,"column":4},"end":{"line":39,"column":34}},"17":{"start":{"line":41,"column":4},"end":{"line":41,"column":47}},"18":{"start":{"line":47,"column":0},"end":{"line":58,"column":3}},"19":{"start":{"line":47,"column":61},"end":{"line":58,"column":2}},"20":{"start":{"line":48,"column":4},"end":{"line":53,"column":null}},"21":{"start":{"line":49,"column":8},"end":{"line":52,"column":11}},"22":{"start":{"line":54,"column":15},"end":{"line":54,"column":33}},"23":{"start":{"line":55,"column":4},"end":{"line":55,"column":36}},"24":{"start":{"line":57,"column":4},"end":{"line":57,"column":27}},"25":{"start":{"line":60,"column":0},"end":{"line":60,"column":24}}},"fnMap":{"0":{"name":"(anonymous_8)","decl":{"start":{"line":23,"column":22},"end":{"line":23,"column":29}},"loc":{"start":{"line":23,"column":60},"end":{"line":28,"column":2}}},"1":{"name":"(anonymous_9)","decl":{"start":{"line":23,"column":60},"end":{"line":23,"column":null}},"loc":{"start":{"line":23,"column":60},"end":{"line":28,"column":1}}},"2":{"name":"(anonymous_10)","decl":{"start":{"line":33,"column":21},"end":{"line":33,"column":28}},"loc":{"start":{"line":33,"column":59},"end":{"line":42,"column":2}}},"3":{"name":"(anonymous_11)","decl":{"start":{"line":33,"column":59},"end":{"line":33,"column":null}},"loc":{"start":{"line":33,"column":59},"end":{"line":42,"column":1}}},"4":{"name":"(anonymous_12)","decl":{"start":{"line":47,"column":23},"end":{"line":47,"column":30}},"loc":{"start":{"line":47,"column":61},"end":{"line":58,"column":2}}},"5":{"name":"(anonymous_13)","decl":{"start":{"line":47,"column":61},"end":{"line":47,"column":null}},"loc":{"start":{"line":47,"column":61},"end":{"line":58,"column":1}}}},"branchMap":{"0":{"loc":{"start":{"line":34,"column":4},"end":{"line":37,"column":null}},"type":"if","locations":[{"start":{"line":34,"column":4},"end":{"line":37,"column":null}}]},"1":{"loc":{"start":{"line":34,"column":8},"end":{"line":34,"column":70}},"type":"binary-expr","locations":[{"start":{"line":34,"column":8},"end":{"line":34,"column":36}},{"start":{"line":34,"column":40},"end":{"line":34,"column":70}}]},"2":{"loc":{"start":{"line":48,"column":4},"end":{"line":53,"column":null}},"type":"if","locations":[{"start":{"line":48,"column":4},"end":{"line":53,"column":null}}]}},"s":{"0":1,"1":1,"2":1,"3":1,"4":1,"5":1,"6":0,"7":0,"8":0,"9":0,"10":1,"11":0,"12":0,"13":0,"14":0,"15":0,"16":0,"17":0,"18":1,"19":0,"20":0,"21":0,"22":0,"23":0,"24":0,"25":1},"f":{"0":0,"1":0,"2":0,"3":0,"4":0,"5":0},"b":{"0":[0],"1":[0,0],"2":[0]}}
,"/home/ginosc/cosmos/docker/cosmos/tools/cosmos-web/backend/src/routes/routes.ts": {"path":"/home/ginosc/cosmos/docker/cosmos/tools/cosmos-web/backend/src/routes/routes.ts","statementMap":{"0":{"start":{"line":1,"column":0},"end":{"line":1,"column":30}},"1":{"start":{"line":2,"column":0},"end":{"line":2,"column":66}},"2":{"start":{"line":3,"column":0},"end":{"line":3,"column":58}},"3":{"start":{"line":5,"column":15},"end":{"line":5,"column":23}},"4":{"start":{"line":8,"column":17},"end":{"line":8,"column":33}},"5":{"start":{"line":9,"column":16},"end":{"line":9,"column":31}},"6":{"start":{"line":12,"column":0},"end":{"line":12,"column":29}},"7":{"start":{"line":13,"column":0},"end":{"line":13,"column":27}},"8":{"start":{"line":16,"column":0},"end":{"line":19,"column":3}},"9":{"start":{"line":17,"column":4},"end":{"line":17,"column":null}},"10":{"start":{"line":18,"column":4},"end":{"line":18,"column":null}},"11":{"start":{"line":23,"column":0},"end":{"line":25,"column":null}},"12":{"start":{"line":24,"column":4},"end":{"line":24,"column":39}},"13":{"start":{"line":27,"column":0},"end":{"line":27,"column":22}}},"fnMap":{"0":{"name":"(anonymous_0)","decl":{"start":{"line":16,"column":16},"end":{"line":16,"column":17}},"loc":{"start":{"line":16,"column":29},"end":{"line":19,"column":1}}},"1":{"name":"(anonymous_1)","decl":{"start":{"line":23,"column":11},"end":{"line":23,"column":12}},"loc":{"start":{"line":23,"column":75},"end":{"line":25,"column":1}}}},"branchMap":{},"s":{"0":1,"1":1,"2":1,"3":1,"4":1,"5":1,"6":1,"7":1,"8":1,"9":0,"10":0,"11":1,"12":0,"13":1},"f":{"0":0,"1":0},"b":{}}
,"/home/ginosc/cosmos/docker/cosmos/tools/cosmos-web/backend/src/routes/sim.ts": {"path":"/home/ginosc/cosmos/docker/cosmos/tools/cosmos-web/backend/src/routes/sim.ts","statementMap":{"0":{"start":{"line":1,"column":0},"end":{"line":1,"column":53}},"1":{"start":{"line":2,"column":0},"end":{"line":2,"column":38}},"2":{"start":{"line":3,"column":15},"end":{"line":3,"column":31}},"3":{"start":{"line":13,"column":0},"end":{"line":51,"column":3}},"4":{"start":{"line":14,"column":15},"end":{"line":14,"column":17}},"5":{"start":{"line":15,"column":4},"end":{"line":20,"column":null}},"6":{"start":{"line":16,"column":8},"end":{"line":16,"column":44}},"7":{"start":{"line":19,"column":8},"end":{"line":19,"column":16}},"8":{"start":{"line":21,"column":21},"end":{"line":21,"column":72}},"9":{"start":{"line":22,"column":17},"end":{"line":22,"column":19}},"10":{"start":{"line":23,"column":17},"end":{"line":23,"column":19}},"11":{"start":{"line":24,"column":4},"end":{"line":26,"column":7}},"12":{"start":{"line":25,"column":8},"end":{"line":25,"column":23}},"13":{"start":{"line":27,"column":4},"end":{"line":29,"column":7}},"14":{"start":{"line":28,"column":8},"end":{"line":28,"column":23}},"15":{"start":{"line":30,"column":4},"end":{"line":33,"column":7}},"16":{"start":{"line":31,"column":8},"end":{"line":31,"column":48}},"17":{"start":{"line":32,"column":8},"end":{"line":32,"column":59}},"18":{"start":{"line":34,"column":4},"end":{"line":50,"column":7}},"19":{"start":{"line":36,"column":8},"end":{"line":49,"column":null}},"20":{"start":{"line":37,"column":12},"end":{"line":37,"column":50}},"21":{"start":{"line":38,"column":12},"end":{"line":38,"column":32}},"22":{"start":{"line":39,"column":12},"end":{"line":39,"column":29}},"23":{"start":{"line":42,"column":13},"end":{"line":49,"column":null}},"24":{"start":{"line":43,"column":12},"end":{"line":43,"column":50}},"25":{"start":{"line":44,"column":12},"end":{"line":44,"column":29}},"26":{"start":{"line":48,"column":12},"end":{"line":48,"column":19}},"27":{"start":{"line":61,"column":0},"end":{"line":100,"column":3}},"28":{"start":{"line":62,"column":15},"end":{"line":62,"column":17}},"29":{"start":{"line":63,"column":4},"end":{"line":68,"column":null}},"30":{"start":{"line":64,"column":8},"end":{"line":64,"column":44}},"31":{"start":{"line":67,"column":8},"end":{"line":67,"column":16}},"32":{"start":{"line":69,"column":4},"end":{"line":69,"column":38}},"33":{"start":{"line":70,"column":21},"end":{"line":70,"column":72}},"34":{"start":{"line":71,"column":17},"end":{"line":71,"column":19}},"35":{"start":{"line":72,"column":17},"end":{"line":72,"column":19}},"36":{"start":{"line":73,"column":4},"end":{"line":75,"column":7}},"37":{"start":{"line":74,"column":8},"end":{"line":74,"column":23}},"38":{"start":{"line":76,"column":4},"end":{"line":78,"column":7}},"39":{"start":{"line":77,"column":8},"end":{"line":77,"column":23}},"40":{"start":{"line":79,"column":4},"end":{"line":82,"column":7}},"41":{"start":{"line":80,"column":8},"end":{"line":80,"column":48}},"42":{"start":{"line":81,"column":8},"end":{"line":81,"column":59}},"43":{"start":{"line":83,"column":4},"end":{"line":99,"column":7}},"44":{"start":{"line":85,"column":8},"end":{"line":98,"column":null}},"45":{"start":{"line":86,"column":12},"end":{"line":86,"column":50}},"46":{"start":{"line":87,"column":12},"end":{"line":87,"column":32}},"47":{"start":{"line":88,"column":12},"end":{"line":88,"column":29}},"48":{"start":{"line":91,"column":13},"end":{"line":98,"column":null}},"49":{"start":{"line":92,"column":12},"end":{"line":92,"column":50}},"50":{"start":{"line":93,"column":12},"end":{"line":93,"column":29}},"51":{"start":{"line":97,"column":12},"end":{"line":97,"column":19}},"52":{"start":{"line":103,"column":0},"end":{"line":103,"column":24}}},"fnMap":{"0":{"name":"(anonymous_1)","decl":{"start":{"line":13,"column":27},"end":{"line":13,"column":28}},"loc":{"start":{"line":13,"column":59},"end":{"line":51,"column":1}}},"1":{"name":"(anonymous_2)","decl":{"start":{"line":24,"column":33},"end":{"line":24,"column":34}},"loc":{"start":{"line":24,"column":50},"end":{"line":26,"column":5}}},"2":{"name":"(anonymous_3)","decl":{"start":{"line":27,"column":33},"end":{"line":27,"column":34}},"loc":{"start":{"line":27,"column":50},"end":{"line":29,"column":5}}},"3":{"name":"(anonymous_4)","decl":{"start":{"line":30,"column":27},"end":{"line":30,"column":28}},"loc":{"start":{"line":30,"column":43},"end":{"line":33,"column":5}}},"4":{"name":"(anonymous_5)","decl":{"start":{"line":34,"column":27},"end":{"line":34,"column":28}},"loc":{"start":{"line":34,"column":48},"end":{"line":50,"column":5}}},"5":{"name":"(anonymous_6)","decl":{"start":{"line":61,"column":30},"end":{"line":61,"column":31}},"loc":{"start":{"line":61,"column":62},"end":{"line":100,"column":1}}},"6":{"name":"(anonymous_7)","decl":{"start":{"line":73,"column":33},"end":{"line":73,"column":34}},"loc":{"start":{"line":73,"column":50},"end":{"line":75,"column":5}}},"7":{"name":"(anonymous_8)","decl":{"start":{"line":76,"column":33},"end":{"line":76,"column":34}},"loc":{"start":{"line":76,"column":50},"end":{"line":78,"column":5}}},"8":{"name":"(anonymous_9)","decl":{"start":{"line":79,"column":27},"end":{"line":79,"column":28}},"loc":{"start":{"line":79,"column":43},"end":{"line":82,"column":5}}},"9":{"name":"(anonymous_10)","decl":{"start":{"line":83,"column":27},"end":{"line":83,"column":28}},"loc":{"start":{"line":83,"column":48},"end":{"line":99,"column":5}}}},"branchMap":{"0":{"loc":{"start":{"line":36,"column":8},"end":{"line":49,"column":null}},"type":"if","locations":[{"start":{"line":36,"column":8},"end":{"line":49,"column":null}},{"start":{"line":42,"column":13},"end":{"line":49,"column":null}}]},"1":{"loc":{"start":{"line":42,"column":13},"end":{"line":49,"column":null}},"type":"if","locations":[{"start":{"line":42,"column":13},"end":{"line":49,"column":null}},{"start":{"line":47,"column":13},"end":{"line":49,"column":null}}]},"2":{"loc":{"start":{"line":42,"column":17},"end":{"line":42,"column":43}},"type":"binary-expr","locations":[{"start":{"line":42,"column":17},"end":{"line":42,"column":25}},{"start":{"line":42,"column":29},"end":{"line":42,"column":43}}]},"3":{"loc":{"start":{"line":85,"column":8},"end":{"line":98,"column":null}},"type":"if","locations":[{"start":{"line":85,"column":8},"end":{"line":98,"column":null}},{"start":{"line":91,"column":13},"end":{"line":98,"column":null}}]},"4":{"loc":{"start":{"line":91,"column":13},"end":{"line":98,"column":null}},"type":"if","locations":[{"start":{"line":91,"column":13},"end":{"line":98,"column":null}},{"start":{"line":96,"column":13},"end":{"line":98,"column":null}}]},"5":{"loc":{"start":{"line":91,"column":17},"end":{"line":91,"column":43}},"type":"binary-expr","locations":[{"start":{"line":91,"column":17},"end":{"line":91,"column":25}},{"start":{"line":91,"column":29},"end":{"line":91,"column":43}}]}},"s":{"0":1,"1":1,"2":1,"3":1,"4":0,"5":0,"6":0,"7":0,"8":0,"9":0,"10":0,"11":0,"12":0,"13":0,"14":0,"15":0,"16":0,"17":0,"18":0,"19":0,"20":0,"21":0,"22":0,"23":0,"24":0,"25":0,"26":0,"27":1,"28":0,"29":0,"30":0,"31":0,"32":0,"33":0,"34":0,"35":0,"36":0,"37":0,"38":0,"39":0,"40":0,"41":0,"42":0,"43":0,"44":0,"45":0,"46":0,"47":0,"48":0,"49":0,"50":0,"51":0,"52":1},"f":{"0":0,"1":0,"2":0,"3":0,"4":0,"5":0,"6":0,"7":0,"8":0,"9":0},"b":{"0":[0,0],"1":[0,0],"2":[0,0],"3":[0,0],"4":[0,0],"5":[0,0]}}
,"/home/ginosc/cosmos/docker/cosmos/tools/cosmos-web/backend/src/utils/time.ts": {"path":"/home/ginosc/cosmos/docker/cosmos/tools/cosmos-web/backend/src/utils/time.ts","statementMap":{"0":{"start":{"line":1,"column":27},"end":{"line":3,"column":1}},"1":{"start":{"line":2,"column":4},"end":{"line":2,"column":29}},"2":{"start":{"line":1,"column":13},"end":{"line":1,"column":27}}},"fnMap":{"0":{"name":"(anonymous_0)","decl":{"start":{"line":1,"column":27},"end":{"line":1,"column":28}},"loc":{"start":{"line":1,"column":42},"end":{"line":3,"column":1}}}},"branchMap":{},"s":{"0":1,"1":0,"2":1},"f":{"0":0},"b":{}}
,"/home/ginosc/cosmos/docker/cosmos/tools/cosmos-web/backend/tests/helpers/Integration-helpers.ts": {"path":"/home/ginosc/cosmos/docker/cosmos/tools/cosmos-web/backend/tests/helpers/Integration-helpers.ts","statementMap":{"0":{"start":{"line":2,"column":0},"end":{"line":2,"column":32}},"1":{"start":{"line":3,"column":0},"end":{"line":3,"column":53}},"2":{"start":{"line":10,"column":8},"end":{"line":10,"column":41}},"3":{"start":{"line":14,"column":8},"end":{"line":16,"column":null}},"4":{"start":{"line":15,"column":12},"end":{"line":15,"column":36}},"5":{"start":{"line":17,"column":20},"end":{"line":17,"column":29}},"6":{"start":{"line":18,"column":8},"end":{"line":18,"column":39}},"7":{"start":{"line":19,"column":8},"end":{"line":19,"column":32}},"8":{"start":{"line":41,"column":8},"end":{"line":41,"column":38}},"9":{"start":{"line":6,"column":0},"end":{"line":6,"column":21}}},"fnMap":{"0":{"name":"(anonymous_8)","decl":{"start":{"line":9,"column":11},"end":{"line":9,"column":17}},"loc":{"start":{"line":9,"column":45},"end":{"line":11,"column":5}}},"1":{"name":"(anonymous_9)","decl":{"start":{"line":13,"column":11},"end":{"line":13,"column":17}},"loc":{"start":{"line":13,"column":30},"end":{"line":20,"column":null}}},"2":{"name":"(anonymous_11)","decl":{"start":{"line":40,"column":11},"end":{"line":40,"column":24}},"loc":{"start":{"line":40,"column":24},"end":{"line":42,"column":5}}}},"branchMap":{"0":{"loc":{"start":{"line":14,"column":8},"end":{"line":16,"column":null}},"type":"if","locations":[{"start":{"line":14,"column":8},"end":{"line":16,"column":null}}]}},"s":{"0":1,"1":1,"2":0,"3":0,"4":0,"5":0,"6":0,"7":0,"8":0,"9":1},"f":{"0":0,"1":0,"2":0},"b":{"0":[0]}}
}
